<?xml version="1.0" encoding="UTF-8"?>
<testng-results ignored="0" total="4" passed="4" failed="0" skipped="0">
  <reporter-output>
  </reporter-output>
  <suite started-at="2022-08-24T14:13:22 IST" name="Default suite" finished-at="2022-08-24T14:13:38 IST" duration-ms="15716">
    <groups>
      <group name="regression">
        <method signature="GroupsSuit.verifyTopIconGroceryIsDisplayed()[pri:4, instance:testNgsequenceofTest.GroupsSuit@1ab3a8c8]" name="verifyTopIconGroceryIsDisplayed" class="testNgsequenceofTest.GroupsSuit"/>
        <method signature="GroupsSuit.verifyTopIconTopOfferIsDisplayed()[pri:3, instance:testNgsequenceofTest.GroupsSuit@1ab3a8c8]" name="verifyTopIconTopOfferIsDisplayed" class="testNgsequenceofTest.GroupsSuit"/>
      </group> <!-- regression -->
      <group name="sanity">
        <method signature="GroupsSuit.VerifyTitleOfPage()[pri:2, instance:testNgsequenceofTest.GroupsSuit@1ab3a8c8]" name="VerifyTitleOfPage" class="testNgsequenceofTest.GroupsSuit"/>
        <method signature="GroupsSuit.verifyUrlOfPage()[pri:1, instance:testNgsequenceofTest.GroupsSuit@1ab3a8c8]" name="verifyUrlOfPage" class="testNgsequenceofTest.GroupsSuit"/>
      </group> <!-- sanity -->
    </groups>
    <test started-at="2022-08-24T14:13:22 IST" name="Default test" finished-at="2022-08-24T14:13:38 IST" duration-ms="15716">
      <class name="testNgsequenceofTest.GroupsSuit">
        <test-method is-config="true" signature="browserLaunching()[pri:0, instance:testNgsequenceofTest.GroupsSuit@1ab3a8c8]" started-at="2022-08-24T14:13:22 IST" name="browserLaunching" finished-at="2022-08-24T14:13:37 IST" duration-ms="14868" status="PASS">
          <reporter-output>
          </reporter-output>
        </test-method> <!-- browserLaunching -->
        <test-method signature="verifyUrlOfPage()[pri:1, instance:testNgsequenceofTest.GroupsSuit@1ab3a8c8]" started-at="2022-08-24T14:13:37 IST" name="verifyUrlOfPage" finished-at="2022-08-24T14:13:37 IST" duration-ms="36" status="PASS">
          <reporter-output>
          </reporter-output>
        </test-method> <!-- verifyUrlOfPage -->
        <test-method signature="VerifyTitleOfPage()[pri:2, instance:testNgsequenceofTest.GroupsSuit@1ab3a8c8]" started-at="2022-08-24T14:13:37 IST" name="VerifyTitleOfPage" finished-at="2022-08-24T14:13:37 IST" duration-ms="65" status="PASS">
          <reporter-output>
          </reporter-output>
        </test-method> <!-- VerifyTitleOfPage -->
        <test-method signature="verifyTopIconTopOfferIsDisplayed()[pri:3, instance:testNgsequenceofTest.GroupsSuit@1ab3a8c8]" started-at="2022-08-24T14:13:37 IST" name="verifyTopIconTopOfferIsDisplayed" finished-at="2022-08-24T14:13:38 IST" duration-ms="181" status="PASS">
          <reporter-output>
          </reporter-output>
        </test-method> <!-- verifyTopIconTopOfferIsDisplayed -->
        <test-method signature="verifyTopIconGroceryIsDisplayed()[pri:4, instance:testNgsequenceofTest.GroupsSuit@1ab3a8c8]" started-at="2022-08-24T14:13:38 IST" name="verifyTopIconGroceryIsDisplayed" finished-at="2022-08-24T14:13:38 IST" duration-ms="57" status="PASS">
          <reporter-output>
          </reporter-output>
        </test-method> <!-- verifyTopIconGroceryIsDisplayed -->
        <test-method is-config="true" signature="tearDown()[pri:0, instance:testNgsequenceofTest.GroupsSuit@1ab3a8c8]" started-at="2022-08-24T14:13:38 IST" name="tearDown" finished-at="2022-08-24T14:13:38 IST" duration-ms="433" status="PASS">
          <reporter-output>
          </reporter-output>
        </test-method> <!-- tearDown -->
      </class> <!-- testNgsequenceofTest.GroupsSuit -->
    </test> <!-- Default test -->
  </suite> <!-- Default suite -->
</testng-results>
