<?xml version="1.0" encoding="UTF-8"?>
<!-- Generated by org.testng.reporters.JUnitXMLReporter -->
<testsuite ignored="1" hostname="LENOVO" failures="0" tests="4" name="Test" time="13.821" errors="0" timestamp="2022-08-18T16:43:29 IST">
  <testcase classname="testNgsequenceofTest.EnableCheck" name="login" time="0.03"/>
  <testcase classname="testNgsequenceofTest.EnableCheck" name="feed" time="0.005"/>
  <testcase classname="testNgsequenceofTest.GroupsTest" name="VerifyTitleOfPage" time="0.121"/>
  <testcase classname="testNgsequenceofTest.GroupsTest" name="verifyUrlOfPage" time="0.019"/>
  <testcase classname="testNgsequenceofTest.EnableCheck" name="home" time="0.0">
    <ignored/>
  </testcase> <!-- home -->
</testsuite> <!-- Test -->
