<?xml version="1.0" encoding="UTF-8"?>
<!-- Generated by org.testng.reporters.JUnitXMLReporter -->
<testsuite ignored="1" hostname="LENOVO" failures="0" tests="1" name="Default test(failed)" time="31.688" errors="0" timestamp="2022-08-17T15:12:58 IST">
  <testcase classname="testNgsequenceofTest.CheckSoftAssert" name="verifyUrlOfPage" time="0.057"/>
  <testcase classname="testNgsequenceofTest.CheckSoftAssert" name="VerifyTitleOfPage" time="0.0">
    <ignored/>
  </testcase> <!-- VerifyTitleOfPage -->
</testsuite> <!-- Default test(failed) -->
