<?xml version="1.0" encoding="UTF-8"?>
<!-- Generated by org.testng.reporters.JUnitXMLReporter -->
<testsuite ignored="0" hostname="LENOVO" failures="0" tests="4" name="Default test" time="15.716" errors="0" timestamp="2022-08-24T14:13:38 IST">
  <testcase classname="testNgsequenceofTest.GroupsSuit" name="verifyUrlOfPage" time="0.036"/>
  <testcase classname="testNgsequenceofTest.GroupsSuit" name="VerifyTitleOfPage" time="0.065"/>
  <testcase classname="testNgsequenceofTest.GroupsSuit" name="verifyTopIconTopOfferIsDisplayed" time="0.181"/>
  <testcase classname="testNgsequenceofTest.GroupsSuit" name="verifyTopIconGroceryIsDisplayed" time="0.057"/>
</testsuite> <!-- Default test -->
